d:\c++accidence\mylibrary\mylibrary\debug\vc140.pdb
d:\c++accidence\mylibrary\mylibrary\debug\vc140.idb
d:\c++accidence\mylibrary\mylibrary\debug\mystlstring.obj
d:\c++accidence\mylibrary\mylibrary\debug\main.obj
d:\c++accidence\mylibrary\debug\mylibrary.pdb
d:\c++accidence\mylibrary\mylibrary\debug\mylibrary.tlog\cl.command.1.tlog
d:\c++accidence\mylibrary\mylibrary\debug\mylibrary.tlog\cl.read.1.tlog
d:\c++accidence\mylibrary\mylibrary\debug\mylibrary.tlog\cl.write.1.tlog
d:\c++accidence\mylibrary\mylibrary\debug\mylibrary.tlog\link-cvtres.read.1.tlog
d:\c++accidence\mylibrary\mylibrary\debug\mylibrary.tlog\link-cvtres.write.1.tlog
d:\c++accidence\mylibrary\mylibrary\debug\mylibrary.tlog\link-rc.read.1.tlog
d:\c++accidence\mylibrary\mylibrary\debug\mylibrary.tlog\link-rc.write.1.tlog
d:\c++accidence\mylibrary\mylibrary\debug\mylibrary.tlog\link.6276-cvtres.read.1.tlog
d:\c++accidence\mylibrary\mylibrary\debug\mylibrary.tlog\link.6276-cvtres.write.1.tlog
d:\c++accidence\mylibrary\mylibrary\debug\mylibrary.tlog\link.6276-rc.read.1.tlog
d:\c++accidence\mylibrary\mylibrary\debug\mylibrary.tlog\link.6276-rc.write.1.tlog
d:\c++accidence\mylibrary\mylibrary\debug\mylibrary.tlog\link.6276.read.1.tlog
d:\c++accidence\mylibrary\mylibrary\debug\mylibrary.tlog\link.6276.write.1.tlog
d:\c++accidence\mylibrary\mylibrary\debug\mylibrary.tlog\link.command.1.tlog
d:\c++accidence\mylibrary\mylibrary\debug\mylibrary.tlog\link.read.1.tlog
d:\c++accidence\mylibrary\mylibrary\debug\mylibrary.tlog\link.write.1.tlog
